{"content": {"suites": {"0": {"status": {"total_pass": 1, "total_skip": 0, "total_xpass": 0, "total_xfail": 0, "total_rerun": 0, "total_fail": 0, "total_error": 0}, "tests": {"0": {"status": "PASS", "message": "", "test_name": "test_login", "rerun": "0"}}, "suite_name": "Kcbl/CRM/CRM_Approval/individual_customer_approval_test.py"}, "1": {"suite_name": "Kcbl/CRM/CRM_Registration/individual_customer_registration_test.py", "tests": {"0": {"status": "FAIL", "message": "   selenium.common.exceptions.NoSuchWindowException: Message: no such window: target window already closed\n   from unknown error: web view not found\n     (Session info: chrome=124.0.6367.61)\n   Stacktrace:\n   \tGetHandleVerifier [0x00007FF66561F922+3045234]\n   \t(No symbol) [0x00007FF6652C3652]\n   \t(No symbol) [0x00007FF665187564]\n   \t(No symbol) [0x00007FF66515DB4F]\n   \t(No symbol) [0x00007FF665201087]\n   \t(No symbol) [0x00007FF665218871]\n   \t(No symbol) [0x00007FF6651F9B53]\n   \t(No symbol) [0x00007FF6651C813C]\n   \t(No symbol) [0x00007FF6651C8D71]\n   \tGetHandleVerifier [0x00007FF66564E89D+3237613]\n   \tGetHandleVerifier [0x00007FF665690BA7+3508727]\n   \tGetHandleVerifier [0x00007FF66568976F+3478975]\n   \tGetHandleVerifier [0x00007FF6653FF1C6+815126]\n   \t(No symbol) [0x00007FF6652CED0F]\n   \t(No symbol) [0x00007FF6652C9854]\n   \t(No symbol) [0x00007FF6652C99E2]\n   \t(No symbol) [0x00007FF6652BA574]\n   \tBaseThreadInitThunk [0x00007FFE8FEE7344+20]\n   \tRtlUserThreadStart [0x00007FFE90F426B1+33]\n", "test_name": "test_login", "rerun": "0"}}, "status": {"total_pass": 0, "total_skip": 0, "total_xpass": 0, "total_xfail": 0, "total_rerun": 0, "total_fail": 1, "total_error": 0}}, "2": {"suite_name": "Kcbl/Deposit/Deposit_Approval/individual_deposit_approval_test.py", "tests": {"0": {"status": "FAIL", "message": "   selenium.common.exceptions.NoSuchWindowException: Message: no such window: target window already closed\n   from unknown error: web view not found\n     (Session info: chrome=124.0.6367.61)\n   Stacktrace:\n   \tGetHandleVerifier [0x00007FF66561F922+3045234]\n   \t(No symbol) [0x00007FF6652C3652]\n   \t(No symbol) [0x00007FF665187564]\n   \t(No symbol) [0x00007FF66515DB4F]\n   \t(No symbol) [0x00007FF665201087]\n   \t(No symbol) [0x00007FF665218871]\n   \t(No symbol) [0x00007FF6651F9B53]\n   \t(No symbol) [0x00007FF6651C813C]\n   \t(No symbol) [0x00007FF6651C8D71]\n   \tGetHandleVerifier [0x00007FF66564E89D+3237613]\n   \tGetHandleVerifier [0x00007FF665690BA7+3508727]\n   \tGetHandleVerifier [0x00007FF66568976F+3478975]\n   \tGetHandleVerifier [0x00007FF6653FF1C6+815126]\n   \t(No symbol) [0x00007FF6652CED0F]\n   \t(No symbol) [0x00007FF6652C9854]\n   \t(No symbol) [0x00007FF6652C99E2]\n   \t(No symbol) [0x00007FF6652BA574]\n   \tBaseThreadInitThunk [0x00007FFE8FEE7344+20]\n   \tRtlUserThreadStart [0x00007FFE90F426B1+33]\n", "test_name": "test_login", "rerun": "0"}}, "status": {"total_pass": 0, "total_skip": 0, "total_xpass": 0, "total_xfail": 0, "total_rerun": 0, "total_fail": 1, "total_error": 0}}, "3": {"suite_name": "Kcbl/Deposit/Deposit_Registration/individual_deposit_registration_test.py", "tests": {"0": {"status": "FAIL", "message": "   selenium.common.exceptions.NoSuchWindowException: Message: no such window: target window already closed\n   from unknown error: web view not found\n     (Session info: chrome=124.0.6367.61)\n   Stacktrace:\n   \tGetHandleVerifier [0x00007FF66561F922+3045234]\n   \t(No symbol) [0x00007FF6652C3652]\n   \t(No symbol) [0x00007FF665187564]\n   \t(No symbol) [0x00007FF66515DB4F]\n   \t(No symbol) [0x00007FF665201087]\n   \t(No symbol) [0x00007FF665218871]\n   \t(No symbol) [0x00007FF6651F9B53]\n   \t(No symbol) [0x00007FF6651C813C]\n   \t(No symbol) [0x00007FF6651C8D71]\n   \tGetHandleVerifier [0x00007FF66564E89D+3237613]\n   \tGetHandleVerifier [0x00007FF665690BA7+3508727]\n   \tGetHandleVerifier [0x00007FF66568976F+3478975]\n   \tGetHandleVerifier [0x00007FF6653FF1C6+815126]\n   \t(No symbol) [0x00007FF6652CED0F]\n   \t(No symbol) [0x00007FF6652C9854]\n   \t(No symbol) [0x00007FF6652C99E2]\n   \t(No symbol) [0x00007FF6652BA574]\n   \tBaseThreadInitThunk [0x00007FFE8FEE7344+20]\n   \tRtlUserThreadStart [0x00007FFE90F426B1+33]\n", "test_name": "test_login", "rerun": "0"}}, "status": {"total_pass": 0, "total_skip": 0, "total_xpass": 0, "total_xfail": 0, "total_rerun": 0, "total_fail": 1, "total_error": 0}}, "4": {"suite_name": "Kcbl/Loan/Loan_Approval/individual_loan_approval_test.py", "tests": {"0": {"status": "FAIL", "message": "   selenium.common.exceptions.WebDriverException: Message: disconnected: received Inspector.detached event\n     (failed to check if window was closed: disconnected: Unable to receive message from renderer)\n     (Session info: chrome=124.0.6367.61)\n   Stacktrace:\n   \tGetHandleVerifier [0x00007FF66561F922+3045234]\n   \t(No symbol) [0x00007FF6652C3652]\n   \t(No symbol) [0x00007FF665187564]\n   \t(No symbol) [0x00007FF665171891]\n   \t(No symbol) [0x00007FF665170FB7]\n   \t(No symbol) [0x00007FF6651708D4]\n   \t(No symbol) [0x00007FF6651706C0]\n   \t(No symbol) [0x00007FF66516F6A3]\n   \t(No symbol) [0x00007FF665194C6E]\n   \t(No symbol) [0x00007FF66521951E]\n   \t(No symbol) [0x00007FF6651F9B53]\n   \t(No symbol) [0x00007FF6651C813C]\n   \t(No symbol) [0x00007FF6651C8D71]\n   \tGetHandleVerifier [0x00007FF66564E89D+3237613]\n   \tGetHandleVerifier [0x00007FF665690BA7+3508727]\n   \tGetHandleVerifier [0x00007FF66568976F+3478975]\n   \tGetHandleVerifier [0x00007FF6653FF1C6+815126]\n   \t(No symbol) [0x00007FF6652CED0F]\n   \t(No symbol) [0x00007FF6652C9854]\n   \t(No symbol) [0x00007FF6652C99E2]\n   \t(No symbol) [0x00007FF6652BA574]\n   \tBaseThreadInitThunk [0x00007FFE8FEE7344+20]\n   \tRtlUserThreadStart [0x00007FFE90F426B1+33]\n", "test_name": "test_login", "rerun": "0"}}, "status": {"total_pass": 0, "total_skip": 0, "total_xpass": 0, "total_xfail": 0, "total_rerun": 0, "total_fail": 1, "total_error": 0}}, "5": {"suite_name": "Kcbl/Loan/Loan_Registration/individual_loan_registration_test.py", "tests": {"0": {"status": "FAIL", "message": "   selenium.common.exceptions.NoSuchWindowException: Message: no such window: target window already closed\n   from unknown error: web view not found\n     (Session info: chrome=124.0.6367.61)\n   Stacktrace:\n   \tGetHandleVerifier [0x00007FF66561F922+3045234]\n   \t(No symbol) [0x00007FF6652C3652]\n   \t(No symbol) [0x00007FF665187564]\n   \t(No symbol) [0x00007FF66515DB4F]\n   \t(No symbol) [0x00007FF665201087]\n   \t(No symbol) [0x00007FF665218871]\n   \t(No symbol) [0x00007FF6651F9B53]\n   \t(No symbol) [0x00007FF6651C813C]\n   \t(No symbol) [0x00007FF6651C8D71]\n   \tGetHandleVerifier [0x00007FF66564E89D+3237613]\n   \tGetHandleVerifier [0x00007FF665690BA7+3508727]\n   \tGetHandleVerifier [0x00007FF66568976F+3478975]\n   \tGetHandleVerifier [0x00007FF6653FF1C6+815126]\n   \t(No symbol) [0x00007FF6652CED0F]\n   \t(No symbol) [0x00007FF6652C9854]\n   \t(No symbol) [0x00007FF6652C99E2]\n   \t(No symbol) [0x00007FF6652BA574]\n   \tBaseThreadInitThunk [0x00007FFE8FEE7344+20]\n   \tRtlUserThreadStart [0x00007FFE90F426B1+33]\n", "test_name": "test_login", "rerun": "0"}}, "status": {"total_pass": 0, "total_skip": 0, "total_xpass": 0, "total_xfail": 0, "total_rerun": 0, "total_fail": 1, "total_error": 0}}, "6": {"suite_name": "Kcbl/Login/login_test.py", "tests": {"0": {"status": "PASS", "message": "", "test_name": "test_login", "rerun": "0"}}, "status": {"total_pass": 1, "total_skip": 0, "total_xpass": 0, "total_xfail": 0, "total_rerun": 0, "total_fail": 0, "total_error": 0}}, "7": {"suite_name": "Kcbl/TermDeposit/Term_Deposit_Approval/individual_term_deposit_approval_test.py", "tests": {"0": {"status": "PASS", "message": "", "test_name": "test_login", "rerun": "0"}}, "status": {"total_pass": 1, "total_skip": 0, "total_xpass": 0, "total_xfail": 0, "total_rerun": 0, "total_fail": 0, "total_error": 0}}, "8": {"suite_name": "Kcbl/TermDeposit/Term_Deposit_Registration/individual_term_deposit_registration_test.py", "tests": {"0": {"status": "PASS", "message": "", "test_name": "test_login", "rerun": "0"}}, "status": {"total_pass": 1, "total_skip": 0, "total_xpass": 0, "total_xfail": 0, "total_rerun": 0, "total_fail": 0, "total_error": 0}}}}, "date": "April 19, 2024", "start_time": 1713527345.2284787, "total_suite": 9, "status": "FAIL", "status_list": {"pass": "4", "fail": "5", "skip": "0", "error": "0", "xpass": "0", "xfail": "0", "rerun": "0"}, "total_tests": "9"}